Requirement already satisfied: numpy in ./dsbootcamp/lib/python3.12/site-packages (from -r requirements.txt (line 1)) (1.26.4)
Requirement already satisfied: pandas in ./dsbootcamp/lib/python3.12/site-packages (from -r requirements.txt (line 2)) (2.2.1)
Requirement already satisfied: seaborn in ./dsbootcamp/lib/python3.12/site-packages (from -r requirements.txt (line 3)) (0.13.2)
Requirement already satisfied: openpyxl in ./dsbootcamp/lib/python3.12/site-packages (from -r requirements.txt (line 4)) (3.1.2)
Requirement already satisfied: python-dateutil>=2.8.2 in ./dsbootcamp/lib/python3.12/site-packages (from pandas->-r requirements.txt (line 2)) (2.9.0.post0)
Requirement already satisfied: pytz>=2020.1 in ./dsbootcamp/lib/python3.12/site-packages (from pandas->-r requirements.txt (line 2)) (2024.1)
Requirement already satisfied: tzdata>=2022.7 in ./dsbootcamp/lib/python3.12/site-packages (from pandas->-r requirements.txt (line 2)) (2024.1)
Requirement already satisfied: matplotlib!=3.6.1,>=3.4 in ./dsbootcamp/lib/python3.12/site-packages (from seaborn->-r requirements.txt (line 3)) (3.8.3)
Requirement already satisfied: et-xmlfile in ./dsbootcamp/lib/python3.12/site-packages (from openpyxl->-r requirements.txt (line 4)) (1.1.0)
Requirement already satisfied: contourpy>=1.0.1 in ./dsbootcamp/lib/python3.12/site-packages (from matplotlib!=3.6.1,>=3.4->seaborn->-r requirements.txt (line 3)) (1.2.0)
Requirement already satisfied: cycler>=0.10 in ./dsbootcamp/lib/python3.12/site-packages (from matplotlib!=3.6.1,>=3.4->seaborn->-r requirements.txt (line 3)) (0.12.1)
Requirement already satisfied: fonttools>=4.22.0 in ./dsbootcamp/lib/python3.12/site-packages (from matplotlib!=3.6.1,>=3.4->seaborn->-r requirements.txt (line 3)) (4.50.0)
Requirement already satisfied: kiwisolver>=1.3.1 in ./dsbootcamp/lib/python3.12/site-packages (from matplotlib!=3.6.1,>=3.4->seaborn->-r requirements.txt (line 3)) (1.4.5)
Requirement already satisfied: packaging>=20.0 in ./dsbootcamp/lib/python3.12/site-packages (from matplotlib!=3.6.1,>=3.4->seaborn->-r requirements.txt (line 3)) (24.0)
Requirement already satisfied: pillow>=8 in ./dsbootcamp/lib/python3.12/site-packages (from matplotlib!=3.6.1,>=3.4->seaborn->-r requirements.txt (line 3)) (10.2.0)
Requirement already satisfied: pyparsing>=2.3.1 in ./dsbootcamp/lib/python3.12/site-packages (from matplotlib!=3.6.1,>=3.4->seaborn->-r requirements.txt (line 3)) (3.1.2)
Requirement already satisfied: six>=1.5 in ./dsbootcamp/lib/python3.12/site-packages (from python-dateutil>=2.8.2->pandas->-r requirements.txt (line 2)) (1.16.0)
Requirement already satisfied: numpy in ./dsbootcamp/lib/python3.12/site-packages (from -r requirements.txt (line 1)) (1.26.4)
Requirement already satisfied: pandas in ./dsbootcamp/lib/python3.12/site-packages (from -r requirements.txt (line 2)) (2.2.1)
Requirement already satisfied: seaborn in ./dsbootcamp/lib/python3.12/site-packages (from -r requirements.txt (line 3)) (0.13.2)
Requirement already satisfied: openpyxl in ./dsbootcamp/lib/python3.12/site-packages (from -r requirements.txt (line 4)) (3.1.2)
Collecting flake8 (from -r requirements.txt (line 5))
  Downloading flake8-7.0.0-py2.py3-none-any.whl.metadata (3.8 kB)
Requirement already satisfied: python-dateutil>=2.8.2 in ./dsbootcamp/lib/python3.12/site-packages (from pandas->-r requirements.txt (line 2)) (2.9.0.post0)
Requirement already satisfied: pytz>=2020.1 in ./dsbootcamp/lib/python3.12/site-packages (from pandas->-r requirements.txt (line 2)) (2024.1)
Requirement already satisfied: tzdata>=2022.7 in ./dsbootcamp/lib/python3.12/site-packages (from pandas->-r requirements.txt (line 2)) (2024.1)
Requirement already satisfied: matplotlib!=3.6.1,>=3.4 in ./dsbootcamp/lib/python3.12/site-packages (from seaborn->-r requirements.txt (line 3)) (3.8.3)
Requirement already satisfied: et-xmlfile in ./dsbootcamp/lib/python3.12/site-packages (from openpyxl->-r requirements.txt (line 4)) (1.1.0)
Collecting mccabe<0.8.0,>=0.7.0 (from flake8->-r requirements.txt (line 5))
  Downloading mccabe-0.7.0-py2.py3-none-any.whl.metadata (5.0 kB)
Collecting pycodestyle<2.12.0,>=2.11.0 (from flake8->-r requirements.txt (line 5))
  Downloading pycodestyle-2.11.1-py2.py3-none-any.whl.metadata (4.5 kB)
Collecting pyflakes<3.3.0,>=3.2.0 (from flake8->-r requirements.txt (line 5))
  Downloading pyflakes-3.2.0-py2.py3-none-any.whl.metadata (3.5 kB)
Requirement already satisfied: contourpy>=1.0.1 in ./dsbootcamp/lib/python3.12/site-packages (from matplotlib!=3.6.1,>=3.4->seaborn->-r requirements.txt (line 3)) (1.2.0)
Requirement already satisfied: cycler>=0.10 in ./dsbootcamp/lib/python3.12/site-packages (from matplotlib!=3.6.1,>=3.4->seaborn->-r requirements.txt (line 3)) (0.12.1)
Requirement already satisfied: fonttools>=4.22.0 in ./dsbootcamp/lib/python3.12/site-packages (from matplotlib!=3.6.1,>=3.4->seaborn->-r requirements.txt (line 3)) (4.50.0)
Requirement already satisfied: kiwisolver>=1.3.1 in ./dsbootcamp/lib/python3.12/site-packages (from matplotlib!=3.6.1,>=3.4->seaborn->-r requirements.txt (line 3)) (1.4.5)
Requirement already satisfied: packaging>=20.0 in ./dsbootcamp/lib/python3.12/site-packages (from matplotlib!=3.6.1,>=3.4->seaborn->-r requirements.txt (line 3)) (24.0)
Requirement already satisfied: pillow>=8 in ./dsbootcamp/lib/python3.12/site-packages (from matplotlib!=3.6.1,>=3.4->seaborn->-r requirements.txt (line 3)) (10.2.0)
Requirement already satisfied: pyparsing>=2.3.1 in ./dsbootcamp/lib/python3.12/site-packages (from matplotlib!=3.6.1,>=3.4->seaborn->-r requirements.txt (line 3)) (3.1.2)
Requirement already satisfied: six>=1.5 in ./dsbootcamp/lib/python3.12/site-packages (from python-dateutil>=2.8.2->pandas->-r requirements.txt (line 2)) (1.16.0)
Downloading flake8-7.0.0-py2.py3-none-any.whl (57 kB)
   ━━━━━━━━━━━━━━━━━━━━━━━━━━━━━━━━━━━━━━━━ 57.6/57.6 kB 2.8 MB/s eta 0:00:00
Downloading mccabe-0.7.0-py2.py3-none-any.whl (7.3 kB)
Downloading pycodestyle-2.11.1-py2.py3-none-any.whl (31 kB)
Downloading pyflakes-3.2.0-py2.py3-none-any.whl (62 kB)
   ━━━━━━━━━━━━━━━━━━━━━━━━━━━━━━━━━━━━━━━━ 62.7/62.7 kB 6.6 MB/s eta 0:00:00
Installing collected packages: pyflakes, pycodestyle, mccabe, flake8
Successfully installed flake8-7.0.0 mccabe-0.7.0 pycodestyle-2.11.1 pyflakes-3.2.0
Requirement already satisfied: numpy in ./dsbootcamp/lib/python3.12/site-packages (from -r requirements.txt (line 1)) (1.26.4)
Requirement already satisfied: pandas in ./dsbootcamp/lib/python3.12/site-packages (from -r requirements.txt (line 2)) (2.2.1)
Requirement already satisfied: seaborn in ./dsbootcamp/lib/python3.12/site-packages (from -r requirements.txt (line 3)) (0.13.2)
Requirement already satisfied: openpyxl in ./dsbootcamp/lib/python3.12/site-packages (from -r requirements.txt (line 4)) (3.1.2)
Requirement already satisfied: flake8 in ./dsbootcamp/lib/python3.12/site-packages (from -r requirements.txt (line 5)) (7.0.0)
Requirement already satisfied: python-dateutil>=2.8.2 in ./dsbootcamp/lib/python3.12/site-packages (from pandas->-r requirements.txt (line 2)) (2.9.0.post0)
Requirement already satisfied: pytz>=2020.1 in ./dsbootcamp/lib/python3.12/site-packages (from pandas->-r requirements.txt (line 2)) (2024.1)
Requirement already satisfied: tzdata>=2022.7 in ./dsbootcamp/lib/python3.12/site-packages (from pandas->-r requirements.txt (line 2)) (2024.1)
Requirement already satisfied: matplotlib!=3.6.1,>=3.4 in ./dsbootcamp/lib/python3.12/site-packages (from seaborn->-r requirements.txt (line 3)) (3.8.3)
Requirement already satisfied: et-xmlfile in ./dsbootcamp/lib/python3.12/site-packages (from openpyxl->-r requirements.txt (line 4)) (1.1.0)
Requirement already satisfied: mccabe<0.8.0,>=0.7.0 in ./dsbootcamp/lib/python3.12/site-packages (from flake8->-r requirements.txt (line 5)) (0.7.0)
Requirement already satisfied: pycodestyle<2.12.0,>=2.11.0 in ./dsbootcamp/lib/python3.12/site-packages (from flake8->-r requirements.txt (line 5)) (2.11.1)
Requirement already satisfied: pyflakes<3.3.0,>=3.2.0 in ./dsbootcamp/lib/python3.12/site-packages (from flake8->-r requirements.txt (line 5)) (3.2.0)
Requirement already satisfied: contourpy>=1.0.1 in ./dsbootcamp/lib/python3.12/site-packages (from matplotlib!=3.6.1,>=3.4->seaborn->-r requirements.txt (line 3)) (1.2.0)
Requirement already satisfied: cycler>=0.10 in ./dsbootcamp/lib/python3.12/site-packages (from matplotlib!=3.6.1,>=3.4->seaborn->-r requirements.txt (line 3)) (0.12.1)
Requirement already satisfied: fonttools>=4.22.0 in ./dsbootcamp/lib/python3.12/site-packages (from matplotlib!=3.6.1,>=3.4->seaborn->-r requirements.txt (line 3)) (4.50.0)
Requirement already satisfied: kiwisolver>=1.3.1 in ./dsbootcamp/lib/python3.12/site-packages (from matplotlib!=3.6.1,>=3.4->seaborn->-r requirements.txt (line 3)) (1.4.5)
Requirement already satisfied: packaging>=20.0 in ./dsbootcamp/lib/python3.12/site-packages (from matplotlib!=3.6.1,>=3.4->seaborn->-r requirements.txt (line 3)) (24.0)
Requirement already satisfied: pillow>=8 in ./dsbootcamp/lib/python3.12/site-packages (from matplotlib!=3.6.1,>=3.4->seaborn->-r requirements.txt (line 3)) (10.2.0)
Requirement already satisfied: pyparsing>=2.3.1 in ./dsbootcamp/lib/python3.12/site-packages (from matplotlib!=3.6.1,>=3.4->seaborn->-r requirements.txt (line 3)) (3.1.2)
Requirement already satisfied: six>=1.5 in ./dsbootcamp/lib/python3.12/site-packages (from python-dateutil>=2.8.2->pandas->-r requirements.txt (line 2)) (1.16.0)
Requirement already satisfied: numpy in ./dsbootcamp/lib/python3.12/site-packages (from -r requirements.txt (line 1)) (1.26.4)
Requirement already satisfied: pandas in ./dsbootcamp/lib/python3.12/site-packages (from -r requirements.txt (line 2)) (2.2.1)
Requirement already satisfied: seaborn in ./dsbootcamp/lib/python3.12/site-packages (from -r requirements.txt (line 3)) (0.13.2)
Requirement already satisfied: openpyxl in ./dsbootcamp/lib/python3.12/site-packages (from -r requirements.txt (line 4)) (3.1.2)
Requirement already satisfied: flake8 in ./dsbootcamp/lib/python3.12/site-packages (from -r requirements.txt (line 5)) (7.0.0)
Requirement already satisfied: python-dateutil>=2.8.2 in ./dsbootcamp/lib/python3.12/site-packages (from pandas->-r requirements.txt (line 2)) (2.9.0.post0)
Requirement already satisfied: pytz>=2020.1 in ./dsbootcamp/lib/python3.12/site-packages (from pandas->-r requirements.txt (line 2)) (2024.1)
Requirement already satisfied: tzdata>=2022.7 in ./dsbootcamp/lib/python3.12/site-packages (from pandas->-r requirements.txt (line 2)) (2024.1)
Requirement already satisfied: matplotlib!=3.6.1,>=3.4 in ./dsbootcamp/lib/python3.12/site-packages (from seaborn->-r requirements.txt (line 3)) (3.8.3)
Requirement already satisfied: et-xmlfile in ./dsbootcamp/lib/python3.12/site-packages (from openpyxl->-r requirements.txt (line 4)) (1.1.0)
Requirement already satisfied: mccabe<0.8.0,>=0.7.0 in ./dsbootcamp/lib/python3.12/site-packages (from flake8->-r requirements.txt (line 5)) (0.7.0)
Requirement already satisfied: pycodestyle<2.12.0,>=2.11.0 in ./dsbootcamp/lib/python3.12/site-packages (from flake8->-r requirements.txt (line 5)) (2.11.1)
Requirement already satisfied: pyflakes<3.3.0,>=3.2.0 in ./dsbootcamp/lib/python3.12/site-packages (from flake8->-r requirements.txt (line 5)) (3.2.0)
Requirement already satisfied: contourpy>=1.0.1 in ./dsbootcamp/lib/python3.12/site-packages (from matplotlib!=3.6.1,>=3.4->seaborn->-r requirements.txt (line 3)) (1.2.0)
Requirement already satisfied: cycler>=0.10 in ./dsbootcamp/lib/python3.12/site-packages (from matplotlib!=3.6.1,>=3.4->seaborn->-r requirements.txt (line 3)) (0.12.1)
Requirement already satisfied: fonttools>=4.22.0 in ./dsbootcamp/lib/python3.12/site-packages (from matplotlib!=3.6.1,>=3.4->seaborn->-r requirements.txt (line 3)) (4.50.0)
Requirement already satisfied: kiwisolver>=1.3.1 in ./dsbootcamp/lib/python3.12/site-packages (from matplotlib!=3.6.1,>=3.4->seaborn->-r requirements.txt (line 3)) (1.4.5)
Requirement already satisfied: packaging>=20.0 in ./dsbootcamp/lib/python3.12/site-packages (from matplotlib!=3.6.1,>=3.4->seaborn->-r requirements.txt (line 3)) (24.0)
Requirement already satisfied: pillow>=8 in ./dsbootcamp/lib/python3.12/site-packages (from matplotlib!=3.6.1,>=3.4->seaborn->-r requirements.txt (line 3)) (10.2.0)
Requirement already satisfied: pyparsing>=2.3.1 in ./dsbootcamp/lib/python3.12/site-packages (from matplotlib!=3.6.1,>=3.4->seaborn->-r requirements.txt (line 3)) (3.1.2)
Requirement already satisfied: six>=1.5 in ./dsbootcamp/lib/python3.12/site-packages (from python-dateutil>=2.8.2->pandas->-r requirements.txt (line 2)) (1.16.0)
